#
# There is insufficient memory for the Java Runtime Environment to continue.
# Native memory allocation (mmap) failed to map 5368709120 bytes for committing reserved memory.
# Possible reasons:
#   The system is out of physical RAM or swap space
#   The process is running with CompressedOops enabled, and the Java Heap may be blocking the growth of the native heap
# Possible solutions:
#   Reduce memory load on the system
#   Increase physical memory or swap space
#   Check if swap backing store is full
#   Decrease Java heap size (-Xmx/-Xms)
#   Decrease number of Java threads
#   Decrease Java thread stack sizes (-Xss)
#   Set larger code cache with -XX:ReservedCodeCacheSize=
# This output file may be truncated or incomplete.
#
#  Out of Memory Error (os_linux.cpp:2718), pid=1892, tid=1893
#
# JRE version:  (11.0.3+7) (build )
# Java VM: OpenJDK 64-Bit Server VM (11.0.3+7-suse-lp151.2.1-x8664, mixed mode, aot, sharing, tiered, compressed oops, serial gc, linux-amd64)
# Core dump will be written. Default location: Core dumps may be processed with "/bin/false" (or dumping to /PlumdoodleMinecraftServer/core.1892)
#

---------------  S U M M A R Y ------------

Command Line: -Xmx15G -Xms15G server.jar nogui

Host: Common KVM processor, 16 cores, 1G, openSUSE Leap 15.1
Time: Sat Jun 29 11:37:31 2019 PDT elapsed time: 0 seconds (0d 0h 0m 0s)

---------------  T H R E A D  ---------------

Current thread (0x00007f60dc00f800):  JavaThread "Unknown thread" [_thread_in_vm, id=1893, stack(0x00007f60e5021000,0x00007f60e5122000)]

Stack: [0x00007f60e5021000,0x00007f60e5122000],  sp=0x00007f60e51203f0,  free space=1020k
Native frames: (J=compiled Java code, A=aot compiled Java code, j=interpreted, Vv=VM code, C=native code)
V  [libjvm.so+0xe25c34]  VMError::report_and_die(int, char const*, char const*, __va_list_tag*, Thread*, unsigned char*, void*, void*, char const*, int, unsigned long)+0x314
V  [libjvm.so+0xe2689b]  VMError::report_and_die(Thread*, char const*, int, unsigned long, VMErrorType, char const*, __va_list_tag*)+0x2b
V  [libjvm.so+0x68c105]  report_vm_out_of_memory(char const*, int, unsigned long, VMErrorType, char const*, ...)+0xd5
V  [libjvm.so+0xbfe232]  os::pd_commit_memory(char*, unsigned long, unsigned long, bool)+0x102
V  [libjvm.so+0xbf55bf]  os::commit_memory(char*, unsigned long, unsigned long, bool)+0x1f
V  [libjvm.so+0xe1cc3b]  VirtualSpace::initialize(ReservedSpace, unsigned long)+0x22b
V  [libjvm.so+0x7fc519]  Generation::Generation(ReservedSpace, unsigned long)+0xb9
V  [libjvm.so+0x690c7e]  DefNewGeneration::DefNewGeneration(ReservedSpace, unsigned long, char const*)+0x2e
V  [libjvm.so+0x7fd2e1]  GenerationSpec::init(ReservedSpace, CardTableRS*)+0x1d1
V  [libjvm.so+0x7e6c4e]  GenCollectedHeap::initialize()+0x20e
V  [libjvm.so+0xde0141]  Universe::initialize_heap()+0x41
V  [libjvm.so+0xde0406]  universe_init()+0x46
V  [libjvm.so+0x84afb7]  init_globals()+0x57
V  [libjvm.so+0xdbf3d7]  Threads::create_vm(JavaVMInitArgs*, bool*)+0x357
V  [libjvm.so+0x9071e2]  JNI_CreateJavaVM+0x52
C  [libjli.so+0x4b06]  JavaMain+0x86


---------------  P R O C E S S  ---------------

Threads class SMR info:
_java_thread_list=0x0000563a73418ea0, length=0, elements={
}

Java Threads: ( => current thread )

Other Threads:

=>0x00007f60dc00f800 (exited) JavaThread "Unknown thread" [_thread_in_vm, id=1893, stack(0x00007f60e5021000,0x00007f60e5122000)]

Threads with active compile tasks:

VM state:not at safepoint (not fully initialized)

VM Mutex/Monitor currently owned by a thread: None

Heap address: 0x0000000440000000, size: 15360 MB, Compressed Oops mode: Non-zero based: 0x0000000440000000
Narrow klass base: 0x0000000000000000, Narrow klass shift: 0

GC Heap History (0 events):
No events

Deoptimization events (0 events):
No events

Classes redefined (0 events):
No events

Internal exceptions (0 events):
No events

Events (0 events):
No events


Dynamic libraries:
580000000-800000000 ---p 00000000 00:00 0 
563a71783000-563a71784000 r-xp 00000000 00:29 71061                      /usr/lib64/jvm/java-11-openjdk-11/bin/java
563a71984000-563a71985000 r--p 00001000 00:29 71061                      /usr/lib64/jvm/java-11-openjdk-11/bin/java
563a71985000-563a71986000 rw-p 00002000 00:29 71061                      /usr/lib64/jvm/java-11-openjdk-11/bin/java
563a73401000-563a73422000 rw-p 00000000 00:00 0                          [heap]
7f60c2830000-7f60c4630000 ---p 00000000 00:00 0 
7f60c4630000-7f60c4631000 rw-p 00000000 00:00 0 
7f60c4631000-7f60c48a1000 rwxp 00000000 00:00 0 
7f60c48a1000-7f60c4d6f000 ---p 00000000 00:00 0 
7f60c4d6f000-7f60c4fdf000 rwxp 00000000 00:00 0 
7f60c4fdf000-7f60cc1d0000 ---p 00000000 00:00 0 
7f60cc1d0000-7f60cc440000 rwxp 00000000 00:00 0 
7f60cc440000-7f60d3631000 ---p 00000000 00:00 0 
7f60d3631000-7f60dc000000 r--s 00000000 00:29 71129                      /usr/lib64/jvm/java-11-openjdk-11/lib/modules
7f60dc000000-7f60dc02d000 rw-p 00000000 00:00 0 
7f60dc02d000-7f60e0000000 ---p 00000000 00:00 0 
7f60e1630000-7f60e19b2000 rw-p 00000000 00:00 0 
7f60e19b2000-7f60e1a96000 ---p 00000000 00:00 0 
7f60e1a96000-7f60e1a9b000 rw-p 00000000 00:00 0 
7f60e1a9b000-7f60e1b7f000 ---p 00000000 00:00 0 
7f60e1b7f000-7f60e1b84000 r-xp 00000000 00:29 71112                      /usr/lib64/jvm/java-11-openjdk-11/lib/libjimage.so
7f60e1b84000-7f60e1d83000 ---p 00005000 00:29 71112                      /usr/lib64/jvm/java-11-openjdk-11/lib/libjimage.so
7f60e1d83000-7f60e1d84000 r--p 00004000 00:29 71112                      /usr/lib64/jvm/java-11-openjdk-11/lib/libjimage.so
7f60e1d84000-7f60e1d85000 rw-p 00005000 00:29 71112                      /usr/lib64/jvm/java-11-openjdk-11/lib/libjimage.so
7f60e1d85000-7f60e1d8c000 r-xp 00000000 00:29 71128                      /usr/lib64/jvm/java-11-openjdk-11/lib/libzip.so
7f60e1d8c000-7f60e1f8b000 ---p 00007000 00:29 71128                      /usr/lib64/jvm/java-11-openjdk-11/lib/libzip.so
7f60e1f8b000-7f60e1f8c000 r--p 00006000 00:29 71128                      /usr/lib64/jvm/java-11-openjdk-11/lib/libzip.so
7f60e1f8c000-7f60e1f8d000 rw-p 00007000 00:29 71128                      /usr/lib64/jvm/java-11-openjdk-11/lib/libzip.so
7f60e1f8d000-7f60e1fb6000 r-xp 00000000 00:29 71109                      /usr/lib64/jvm/java-11-openjdk-11/lib/libjava.so
7f60e1fb6000-7f60e21b5000 ---p 00029000 00:29 71109                      /usr/lib64/jvm/java-11-openjdk-11/lib/libjava.so
7f60e21b5000-7f60e21b6000 r--p 00028000 00:29 71109                      /usr/lib64/jvm/java-11-openjdk-11/lib/libjava.so
7f60e21b6000-7f60e21b8000 rw-p 00029000 00:29 71109                      /usr/lib64/jvm/java-11-openjdk-11/lib/libjava.so
7f60e21b8000-7f60e21c5000 r-xp 00000000 00:29 71127                      /usr/lib64/jvm/java-11-openjdk-11/lib/libverify.so
7f60e21c5000-7f60e23c4000 ---p 0000d000 00:29 71127                      /usr/lib64/jvm/java-11-openjdk-11/lib/libverify.so
7f60e23c4000-7f60e23c6000 r--p 0000c000 00:29 71127                      /usr/lib64/jvm/java-11-openjdk-11/lib/libverify.so
7f60e23c6000-7f60e23c7000 rw-p 0000e000 00:29 71127                      /usr/lib64/jvm/java-11-openjdk-11/lib/libverify.so
7f60e23c7000-7f60e23ce000 r-xp 00000000 00:29 6159                       /lib64/librt-2.26.so
7f60e23ce000-7f60e25cd000 ---p 00007000 00:29 6159                       /lib64/librt-2.26.so
7f60e25cd000-7f60e25ce000 r--p 00006000 00:29 6159                       /lib64/librt-2.26.so
7f60e25ce000-7f60e25cf000 rw-p 00007000 00:29 6159                       /lib64/librt-2.26.so
7f60e25cf000-7f60e25e6000 r-xp 00000000 00:29 6870                       /lib64/libgcc_s.so.1
7f60e25e6000-7f60e27e5000 ---p 00017000 00:29 6870                       /lib64/libgcc_s.so.1
7f60e27e5000-7f60e27e6000 r--p 00016000 00:29 6870                       /lib64/libgcc_s.so.1
7f60e27e6000-7f60e27e7000 rw-p 00017000 00:29 6870                       /lib64/libgcc_s.so.1
7f60e27e7000-7f60e291e000 r-xp 00000000 00:29 6137                       /lib64/libm-2.26.so
7f60e291e000-7f60e2b1d000 ---p 00137000 00:29 6137                       /lib64/libm-2.26.so
7f60e2b1d000-7f60e2b1e000 r--p 00136000 00:29 6137                       /lib64/libm-2.26.so
7f60e2b1e000-7f60e2b1f000 rw-p 00137000 00:29 6137                       /lib64/libm-2.26.so
7f60e2b1f000-7f60e2c9a000 r-xp 00000000 00:29 7841                       /usr/lib64/libstdc++.so.6.0.25
7f60e2c9a000-7f60e2e9a000 ---p 0017b000 00:29 7841                       /usr/lib64/libstdc++.so.6.0.25
7f60e2e9a000-7f60e2ea4000 r--p 0017b000 00:29 7841                       /usr/lib64/libstdc++.so.6.0.25
7f60e2ea4000-7f60e2ea6000 rw-p 00185000 00:29 7841                       /usr/lib64/libstdc++.so.6.0.25
7f60e2ea6000-7f60e2ea9000 rw-p 00000000 00:00 0 
7f60e2ea9000-7f60e3fbc000 r-xp 00000000 00:29 71140                      /usr/lib64/jvm/java-11-openjdk-11/lib/server/libjvm.so
7f60e3fbc000-7f60e41bc000 ---p 01113000 00:29 71140                      /usr/lib64/jvm/java-11-openjdk-11/lib/server/libjvm.so
7f60e41bc000-7f60e427a000 r--p 01113000 00:29 71140                      /usr/lib64/jvm/java-11-openjdk-11/lib/server/libjvm.so
7f60e427a000-7f60e42b3000 rw-p 011d1000 00:29 71140                      /usr/lib64/jvm/java-11-openjdk-11/lib/server/libjvm.so
7f60e42b3000-7f60e4309000 rw-p 00000000 00:00 0 
7f60e4309000-7f60e4322000 r-xp 00000000 00:29 6155                       /lib64/libpthread-2.26.so
7f60e4322000-7f60e4521000 ---p 00019000 00:29 6155                       /lib64/libpthread-2.26.so
7f60e4521000-7f60e4522000 r--p 00018000 00:29 6155                       /lib64/libpthread-2.26.so
7f60e4522000-7f60e4523000 rw-p 00019000 00:29 6155                       /lib64/libpthread-2.26.so
7f60e4523000-7f60e4527000 rw-p 00000000 00:00 0 
7f60e4527000-7f60e452a000 r-xp 00000000 00:29 6135                       /lib64/libdl-2.26.so
7f60e452a000-7f60e4729000 ---p 00003000 00:29 6135                       /lib64/libdl-2.26.so
7f60e4729000-7f60e472a000 r--p 00002000 00:29 6135                       /lib64/libdl-2.26.so
7f60e472a000-7f60e472b000 rw-p 00003000 00:29 6135                       /lib64/libdl-2.26.so
7f60e472b000-7f60e4741000 r-xp 00000000 00:29 6434                       /lib64/libz.so.1.2.11
7f60e4741000-7f60e4940000 ---p 00016000 00:29 6434                       /lib64/libz.so.1.2.11
7f60e4940000-7f60e4941000 r--p 00015000 00:29 6434                       /lib64/libz.so.1.2.11
7f60e4941000-7f60e4942000 rw-p 00016000 00:29 6434                       /lib64/libz.so.1.2.11
7f60e4942000-7f60e4af3000 r-xp 00000000 00:29 6129                       /lib64/libc-2.26.so
7f60e4af3000-7f60e4cf2000 ---p 001b1000 00:29 6129                       /lib64/libc-2.26.so
7f60e4cf2000-7f60e4cf6000 r--p 001b0000 00:29 6129                       /lib64/libc-2.26.so
7f60e4cf6000-7f60e4cf8000 rw-p 001b4000 00:29 6129                       /lib64/libc-2.26.so
7f60e4cf8000-7f60e4cfc000 rw-p 00000000 00:00 0 
7f60e4cfc000-7f60e4d0c000 r-xp 00000000 00:29 71096                      /usr/lib64/jvm/java-11-openjdk-11/lib/jli/libjli.so
7f60e4d0c000-7f60e4f0b000 ---p 00010000 00:29 71096                      /usr/lib64/jvm/java-11-openjdk-11/lib/jli/libjli.so
7f60e4f0b000-7f60e4f0c000 r--p 0000f000 00:29 71096                      /usr/lib64/jvm/java-11-openjdk-11/lib/jli/libjli.so
7f60e4f0c000-7f60e4f0d000 rw-p 00010000 00:29 71096                      /usr/lib64/jvm/java-11-openjdk-11/lib/jli/libjli.so
7f60e4f0d000-7f60e4f32000 r-xp 00000000 00:29 6121                       /lib64/ld-2.26.so
7f60e4fdd000-7f60e4fe2000 rw-p 00000000 00:00 0 
7f60e4fe2000-7f60e4fec000 ---p 00000000 00:00 0 
7f60e4fec000-7f60e5021000 r--s 00000000 00:2a 17449                      /var/lib/nscd/passwd
7f60e5021000-7f60e5025000 ---p 00000000 00:00 0 
7f60e5025000-7f60e5124000 rw-p 00000000 00:00 0 
7f60e5126000-7f60e512e000 rw-s 00000000 00:2d 289                        /tmp/hsperfdata_root/1892
7f60e512e000-7f60e512f000 ---p 00000000 00:00 0 
7f60e512f000-7f60e5130000 r--p 00000000 00:00 0 
7f60e5130000-7f60e5132000 rw-p 00000000 00:00 0 
7f60e5132000-7f60e5133000 r--p 00025000 00:29 6121                       /lib64/ld-2.26.so
7f60e5133000-7f60e5134000 rw-p 00026000 00:29 6121                       /lib64/ld-2.26.so
7f60e5134000-7f60e5135000 rw-p 00000000 00:00 0 
7ffcbf01d000-7ffcbf03e000 rw-p 00000000 00:00 0                          [stack]
7ffcbf0ae000-7ffcbf0b1000 r--p 00000000 00:00 0                          [vvar]
7ffcbf0b1000-7ffcbf0b3000 r-xp 00000000 00:00 0                          [vdso]
ffffffffff600000-ffffffffff601000 r-xp 00000000 00:00 0                  [vsyscall]


VM Arguments:
jvm_args: -Xmx15G -Xms15G 
java_command: server.jar nogui
java_class_path (initial): server.jar
Launcher Type: SUN_STANDARD

[Global flags]
     intx CICompilerCount                          = 12                                        {product} {ergonomic}
   size_t InitialHeapSize                          = 16106127360                               {product} {command line}
   size_t MaxHeapSize                              = 16106127360                               {product} {command line}
   size_t MaxNewSize                               = 5368709120                                {product} {ergonomic}
   size_t MinHeapDeltaBytes                        = 196608                                    {product} {ergonomic}
   size_t NewSize                                  = 5368709120                                {product} {ergonomic}
    uintx NonNMethodCodeHeapSize                   = 7591728                                {pd product} {ergonomic}
    uintx NonProfiledCodeHeapSize                  = 122033256                              {pd product} {ergonomic}
   size_t OldSize                                  = 10737418240                               {product} {ergonomic}
    uintx ProfiledCodeHeapSize                     = 122033256                              {pd product} {ergonomic}
    uintx ReservedCodeCacheSize                    = 251658240                              {pd product} {ergonomic}
     bool SegmentedCodeCache                       = true                                      {product} {ergonomic}
     bool UseCompressedClassPointers               = true                                 {lp64_product} {ergonomic}
     bool UseCompressedOops                        = true                                 {lp64_product} {ergonomic}
     bool UseSerialGC                              = true                                      {product} {ergonomic}

Logging:
Log output configuration:
 #0: stdout all=warning uptime,level,tags
 #1: stderr all=off uptime,level,tags

Environment Variables:
JAVA_HOME=/usr/lib64/jvm/jre-11-openjdk
JRE_HOME=/usr/lib64/jvm/java-11-openjdk-11
PATH=/sbin:/usr/sbin:/usr/local/sbin:/root/bin:/usr/local/bin:/usr/bin:/bin
SHELL=/bin/bash
HOSTTYPE=x86_64
OSTYPE=linux
MACHTYPE=x86_64-suse-linux

Signal Handlers:
SIGSEGV: [libjvm.so+0xe27650], sa_mask[0]=11111111011111111101111111111110, sa_flags=SA_RESTART|SA_SIGINFO
SIGBUS: [libjvm.so+0xe27650], sa_mask[0]=11111111011111111101111111111110, sa_flags=SA_RESTART|SA_SIGINFO
SIGFPE: [libjvm.so+0xe27650], sa_mask[0]=11111111011111111101111111111110, sa_flags=SA_RESTART|SA_SIGINFO
SIGPIPE: [libjvm.so+0xbfa0a0], sa_mask[0]=11111111011111111101111111111110, sa_flags=SA_RESTART|SA_SIGINFO
SIGXFSZ: [libjvm.so+0xbfa0a0], sa_mask[0]=11111111011111111101111111111110, sa_flags=SA_RESTART|SA_SIGINFO
SIGILL: [libjvm.so+0xe27650], sa_mask[0]=11111111011111111101111111111110, sa_flags=SA_RESTART|SA_SIGINFO
SIGUSR2: [libjvm.so+0xbf9f40], sa_mask[0]=00000000000000000000000000000000, sa_flags=SA_RESTART|SA_SIGINFO
SIGHUP: SIG_DFL, sa_mask[0]=00000000000000000000000000000000, sa_flags=none
SIGINT: SIG_DFL, sa_mask[0]=00000000000000000000000000000000, sa_flags=none
SIGTERM: SIG_DFL, sa_mask[0]=00000000000000000000000000000000, sa_flags=none
SIGQUIT: SIG_DFL, sa_mask[0]=00000000000000000000000000000000, sa_flags=none


---------------  S Y S T E M  ---------------

OS:NAME="openSUSE Leap"
VERSION="15.1 "
ID="opensuse-leap"
ID_LIKE="suse opensuse"
VERSION_ID="15.1"
PRETTY_NAME="openSUSE Leap 15.1"
ANSI_COLOR="0;32"
CPE_NAME="cpe:/o:opensuse:leap:15.1"
BUG_REPORT_URL="https://bugs.opensuse.org"
HOME_URL="https://www.opensuse.org/"
uname:Linux 4.12.14-lp151.28.7-default #1 SMP Mon Jun 17 16:36:38 UTC 2019 (f8a1872) x86_64
libc:glibc 2.26 NPTL 2.26 
rlimit: STACK 8192k, CORE infinity, NPROC 4825, NOFILE 4096, AS infinity, DATA infinity, FSIZE infinity
load average:0.03 0.05 0.01

/proc/meminfo:
MemTotal:        1271064 kB
MemFree:          935408 kB
MemAvailable:     972928 kB
Buffers:            2108 kB
Cached:           162028 kB
SwapCached:            0 kB
Active:           147044 kB
Inactive:          91140 kB
Active(anon):      75500 kB
Inactive(anon):     7440 kB
Active(file):      71544 kB
Inactive(file):    83700 kB
Unevictable:          80 kB
Mlocked:              80 kB
SwapTotal:             0 kB
SwapFree:              0 kB
Dirty:               148 kB
Writeback:             0 kB
AnonPages:         74248 kB
Mapped:            51492 kB
Shmem:              8812 kB
Slab:              48112 kB
SReclaimable:      21840 kB
SUnreclaim:        26272 kB
KernelStack:        4704 kB
PageTables:         4024 kB
NFS_Unstable:          0 kB
Bounce:                0 kB
WritebackTmp:          0 kB
CommitLimit:      635532 kB
Committed_AS:     386868 kB
VmallocTotal:   34359738367 kB
VmallocUsed:           0 kB
VmallocChunk:          0 kB
HardwareCorrupted:     0 kB
AnonHugePages:     14336 kB
ShmemHugePages:        0 kB
ShmemPmdMapped:        0 kB
HugePages_Total:       0
HugePages_Free:        0
HugePages_Rsvd:        0
HugePages_Surp:        0
Hugepagesize:       2048 kB
DirectMap4k:      104300 kB
DirectMap2M:     1222656 kB


/proc/sys/kernel/threads-max (system-wide limit on the number of threads):
9651


/proc/sys/vm/max_map_count (maximum number of memory map areas a process may have):
65530


/proc/sys/kernel/pid_max (system-wide limit on number of process identifiers):
32768



container (cgroup) information:
container_type: cgroupv1
cpu_cpuset_cpus: 0-15
cpu_memory_nodes: 0
active_processor_count: 16
cpu_quota: -1
cpu_period: 100000
cpu_shares: -1
memory_limit_in_bytes: -1
memory_and_swap_limit_in_bytes: -2
memory_soft_limit_in_bytes: -1
memory_usage_in_bytes: 244645888
memory_max_usage_in_bytes: 0


CPU:total 16 (initial active 16) (8 cores per cpu, 1 threads per core) family 15 model 6 stepping 1, cmov, cx8, fxsr, mmx, sse, sse2, sse3, tsc
CPU Model and flags from /proc/cpuinfo:
model name	: Common KVM processor
flags		: fpu vme de pse tsc msr pae mce cx8 apic sep mtrr pge mca cmov pat pse36 clflush mmx fxsr sse sse2 ht syscall nx lm constant_tsc nopl xtopology cpuid tsc_known_freq pni cx16 x2apic hypervisor lahf_lm cpuid_fault pti

Memory: 4k page, physical 1271064k(935408k free), swap 0k(0k free)

vm_info: OpenJDK 64-Bit Server VM (11.0.3+7-suse-lp151.2.1-x8664) for linux-amd64 JRE (11.0.3+7-suse-lp151.2.1-x8664), built on Apr 23 2019 12:00:00 by "abuild" with gcc 7.4.0

END.
