[00:11:01] [Server thread/WARN]: Fetching packet for removed entity ats['Air'/139300, l='ISServer', x=-156.29, y=78.00, z=-221.87]
[00:41:38] [Server thread/WARN]: Can't keep up! Is the server overloaded? Running 2007ms or 40 ticks behind
[01:03:53] [User Authenticator #9/INFO]: UUID of player ElliotRackam is b381a6fa-f12c-4de0-b149-95d9cfd96eb0
[01:03:53] [Server thread/INFO]: ElliotRackam[/104.142.126.223:59070] logged in with entity id 152796 at (-181.28181151342662, 63.0, -387.510322248367)
[01:03:53] [Server thread/INFO]: ElliotRackam joined the game
[01:04:00] [Server thread/WARN]: Can't keep up! Is the server overloaded? Running 2021ms or 40 ticks behind
[01:04:21] [Server thread/WARN]: Can't keep up! Is the server overloaded? Running 5734ms or 114 ticks behind
[01:04:40] [Server thread/WARN]: Can't keep up! Is the server overloaded? Running 4688ms or 93 ticks behind
[01:04:58] [Server thread/WARN]: Can't keep up! Is the server overloaded? Running 3087ms or 61 ticks behind
[01:05:16] [Server thread/WARN]: Can't keep up! Is the server overloaded? Running 2344ms or 46 ticks behind
[01:05:36] [Server thread/WARN]: Can't keep up! Is the server overloaded? Running 2004ms or 40 ticks behind
[01:06:19] [Server thread/WARN]: Can't keep up! Is the server overloaded? Running 2003ms or 40 ticks behind
[01:06:43] [Server thread/WARN]: Can't keep up! Is the server overloaded? Running 8995ms or 179 ticks behind
[01:07:09] [Server thread/WARN]: Can't keep up! Is the server overloaded? Running 11393ms or 227 ticks behind
[01:07:33] [Server thread/WARN]: Can't keep up! Is the server overloaded? Running 8586ms or 171 ticks behind
[01:07:53] [Server thread/WARN]: Can't keep up! Is the server overloaded? Running 5228ms or 104 ticks behind
[01:08:12] [Server thread/WARN]: Can't keep up! Is the server overloaded? Running 3368ms or 67 ticks behind
[01:08:30] [Server thread/WARN]: Can't keep up! Is the server overloaded? Running 3151ms or 63 ticks behind
[01:09:02] [Server thread/WARN]: Can't keep up! Is the server overloaded? Running 2002ms or 40 ticks behind
[01:09:37] [Server thread/WARN]: Can't keep up! Is the server overloaded? Running 2013ms or 40 ticks behind
[01:10:04] [Server thread/WARN]: Can't keep up! Is the server overloaded? Running 11945ms or 238 ticks behind
[01:10:29] [Server thread/WARN]: Can't keep up! Is the server overloaded? Running 10421ms or 208 ticks behind
[01:10:52] [Server thread/WARN]: Can't keep up! Is the server overloaded? Running 7931ms or 158 ticks behind
[01:11:13] [Server thread/WARN]: Can't keep up! Is the server overloaded? Running 5596ms or 111 ticks behind
[01:11:33] [Server thread/WARN]: Can't keep up! Is the server overloaded? Running 5636ms or 112 ticks behind
[01:11:51] [Server thread/WARN]: Can't keep up! Is the server overloaded? Running 3263ms or 65 ticks behind
[01:11:58] [Server thread/WARN]: Fetching packet for removed entity ats['Air'/155598, l='ISServer', x=-177.80, y=91.00, z=-408.77]
[01:12:09] [Server thread/WARN]: Can't keep up! Is the server overloaded? Running 2692ms or 53 ticks behind
[01:12:26] [Server thread/WARN]: Can't keep up! Is the server overloaded? Running 2277ms or 45 ticks behind
[01:12:51] [Server thread/WARN]: Can't keep up! Is the server overloaded? Running 2055ms or 41 ticks behind
[01:13:17] [Server thread/WARN]: Can't keep up! Is the server overloaded? Running 10399ms or 207 ticks behind
[01:13:32] [Server thread/WARN]: Fetching packet for removed entity ats['Air'/156424, l='ISServer', x=-189.13, y=59.00, z=-414.40]
[01:13:42] [Server thread/WARN]: Can't keep up! Is the server overloaded? Running 9826ms or 196 ticks behind
[01:14:05] [Server thread/WARN]: Can't keep up! Is the server overloaded? Running 8746ms or 174 ticks behind
[01:14:27] [Server thread/WARN]: Can't keep up! Is the server overloaded? Running 6342ms or 126 ticks behind
[01:14:47] [Server thread/WARN]: Can't keep up! Is the server overloaded? Running 5506ms or 110 ticks behind
[01:15:06] [Server thread/WARN]: Can't keep up! Is the server overloaded? Running 3874ms or 77 ticks behind
[01:15:24] [Server thread/WARN]: Can't keep up! Is the server overloaded? Running 2713ms or 54 ticks behind
[01:15:41] [Server thread/WARN]: Can't keep up! Is the server overloaded? Running 2356ms or 47 ticks behind
[01:15:58] [Server thread/WARN]: Can't keep up! Is the server overloaded? Running 2395ms or 47 ticks behind
[01:16:22] [Server thread/WARN]: Can't keep up! Is the server overloaded? Running 8494ms or 169 ticks behind
[01:16:49] [Server thread/WARN]: Can't keep up! Is the server overloaded? Running 11814ms or 236 ticks behind
[01:17:13] [Server thread/WARN]: Can't keep up! Is the server overloaded? Running 9643ms or 192 ticks behind
[01:17:36] [Server thread/WARN]: Can't keep up! Is the server overloaded? Running 7558ms or 151 ticks behind
[01:17:57] [Server thread/WARN]: Can't keep up! Is the server overloaded? Running 6405ms or 128 ticks behind
[01:18:18] [Server thread/WARN]: Can't keep up! Is the server overloaded? Running 6233ms or 124 ticks behind
[01:18:38] [Server thread/WARN]: Can't keep up! Is the server overloaded? Running 4608ms or 92 ticks behind
[01:18:57] [Server thread/WARN]: Can't keep up! Is the server overloaded? Running 3651ms or 73 ticks behind
[01:19:15] [Server thread/WARN]: Can't keep up! Is the server overloaded? Running 2946ms or 58 ticks behind
[01:19:32] [Server thread/WARN]: Can't keep up! Is the server overloaded? Running 2925ms or 58 ticks behind
[01:20:00] [Server thread/WARN]: Can't keep up! Is the server overloaded? Running 12627ms or 252 ticks behind
[01:20:28] [Server thread/WARN]: Can't keep up! Is the server overloaded? Running 12786ms or 255 ticks behind
[01:20:55] [Server thread/WARN]: Can't keep up! Is the server overloaded? Running 12708ms or 254 ticks behind
[01:21:20] [Server thread/WARN]: Can't keep up! Is the server overloaded? Running 9203ms or 184 ticks behind
[01:21:42] [Server thread/WARN]: Can't keep up! Is the server overloaded? Running 6854ms or 137 ticks behind
[01:22:03] [Server thread/WARN]: Can't keep up! Is the server overloaded? Running 6902ms or 138 ticks behind
[01:23:56] [Server thread/WARN]: Can't keep up! Is the server overloaded? Running 2017ms or 40 ticks behind
[01:24:18] [Server thread/WARN]: Can't keep up! Is the server overloaded? Running 7176ms or 143 ticks behind
[01:24:37] [Server thread/WARN]: Can't keep up! Is the server overloaded? Running 3381ms or 67 ticks behind
[01:24:54] [Server thread/WARN]: Can't keep up! Is the server overloaded? Running 2600ms or 52 ticks behind
[01:26:46] [Server thread/WARN]: Can't keep up! Is the server overloaded? Running 2004ms or 40 ticks behind
[01:27:04] [Server thread/WARN]: Can't keep up! Is the server overloaded? Running 3575ms or 71 ticks behind
[01:27:22] [Server thread/WARN]: Can't keep up! Is the server overloaded? Running 2403ms or 48 ticks behind
[01:27:42] [Server thread/WARN]: Can't keep up! Is the server overloaded? Running 3469ms or 69 ticks behind
[01:29:18] [Server thread/WARN]: Can't keep up! Is the server overloaded? Running 2010ms or 40 ticks behind
[01:29:37] [Server thread/WARN]: Can't keep up! Is the server overloaded? Running 3350ms or 67 ticks behind
[01:29:55] [Server thread/WARN]: Can't keep up! Is the server overloaded? Running 2705ms or 54 ticks behind
[01:32:09] [Server thread/WARN]: Can't keep up! Is the server overloaded? Running 2003ms or 40 ticks behind
[01:32:27] [Server thread/WARN]: Can't keep up! Is the server overloaded? Running 3050ms or 61 ticks behind
[01:32:44] [Server thread/WARN]: Can't keep up! Is the server overloaded? Running 2362ms or 47 ticks behind
[01:33:01] [Server thread/WARN]: Can't keep up! Is the server overloaded? Running 2268ms or 45 ticks behind
[01:34:49] [Server thread/WARN]: Can't keep up! Is the server overloaded? Running 2009ms or 40 ticks behind
[01:35:08] [Server thread/WARN]: Can't keep up! Is the server overloaded? Running 3862ms or 77 ticks behind
[01:35:30] [Server thread/WARN]: Can't keep up! Is the server overloaded? Running 2009ms or 40 ticks behind
[01:36:41] [Server thread/WARN]: Fetching packet for removed entity ats['Air'/164682, l='ISServer', x=-394.49, y=82.00, z=-1038.13]
[01:37:27] [Server thread/WARN]: Can't keep up! Is the server overloaded? Running 2029ms or 40 ticks behind
[01:37:46] [Server thread/WARN]: Can't keep up! Is the server overloaded? Running 3923ms or 78 ticks behind
[01:38:04] [Server thread/WARN]: Can't keep up! Is the server overloaded? Running 2866ms or 57 ticks behind
[01:38:21] [Server thread/WARN]: Can't keep up! Is the server overloaded? Running 2529ms or 50 ticks behind
[01:40:11] [Server thread/WARN]: Can't keep up! Is the server overloaded? Running 2026ms or 40 ticks behind
[01:40:32] [Server thread/WARN]: Can't keep up! Is the server overloaded? Running 6183ms or 123 ticks behind
[01:40:51] [Server thread/WARN]: Can't keep up! Is the server overloaded? Running 4496ms or 89 ticks behind
[01:41:09] [Server thread/WARN]: Can't keep up! Is the server overloaded? Running 3142ms or 62 ticks behind
[01:43:25] [Server thread/WARN]: Can't keep up! Is the server overloaded? Running 2008ms or 40 ticks behind
[01:43:43] [Server thread/WARN]: Can't keep up! Is the server overloaded? Running 3669ms or 73 ticks behind
[01:44:01] [Server thread/WARN]: Can't keep up! Is the server overloaded? Running 2713ms or 54 ticks behind
[01:45:52] [Server thread/WARN]: Can't keep up! Is the server overloaded? Running 2036ms or 40 ticks behind
[01:46:13] [Server thread/WARN]: Can't keep up! Is the server overloaded? Running 6434ms or 128 ticks behind
[01:46:33] [Server thread/WARN]: Can't keep up! Is the server overloaded? Running 5232ms or 104 ticks behind
[01:46:52] [Server thread/WARN]: Can't keep up! Is the server overloaded? Running 3145ms or 62 ticks behind
[01:48:50] [Server thread/WARN]: Can't keep up! Is the server overloaded? Running 2020ms or 40 ticks behind
[01:49:12] [Server thread/WARN]: Can't keep up! Is the server overloaded? Running 7627ms or 152 ticks behind
[01:49:33] [Server thread/WARN]: Can't keep up! Is the server overloaded? Running 5844ms or 116 ticks behind
[01:49:51] [Server thread/WARN]: Can't keep up! Is the server overloaded? Running 3317ms or 66 ticks behind
[01:50:10] [Server thread/WARN]: Can't keep up! Is the server overloaded? Running 3201ms or 64 ticks behind
[01:51:57] [Server thread/WARN]: Can't keep up! Is the server overloaded? Running 2013ms or 40 ticks behind
[01:52:17] [Server thread/WARN]: Can't keep up! Is the server overloaded? Running 4319ms or 86 ticks behind
[01:52:35] [Server thread/WARN]: Can't keep up! Is the server overloaded? Running 2989ms or 59 ticks behind
[01:54:38] [Server thread/WARN]: Can't keep up! Is the server overloaded? Running 2010ms or 40 ticks behind
[01:54:57] [Server thread/WARN]: Can't keep up! Is the server overloaded? Running 4561ms or 91 ticks behind
[01:55:15] [Server thread/WARN]: Can't keep up! Is the server overloaded? Running 3333ms or 66 ticks behind
[01:55:36] [Server thread/WARN]: Can't keep up! Is the server overloaded? Running 2003ms or 40 ticks behind
[01:56:43] [Server thread/WARN]: Fetching packet for removed entity ats['Air'/171797, l='ISServer', x=-154.24, y=81.00, z=-215.98]
[01:57:30] [Server thread/WARN]: Can't keep up! Is the server overloaded? Running 2066ms or 41 ticks behind
[01:57:51] [Server thread/WARN]: Can't keep up! Is the server overloaded? Running 5988ms or 119 ticks behind
[01:58:11] [Server thread/WARN]: Can't keep up! Is the server overloaded? Running 4801ms or 96 ticks behind
[01:58:29] [Server thread/WARN]: Can't keep up! Is the server overloaded? Running 3089ms or 61 ticks behind
[01:58:42] [Server thread/WARN]: Fetching packet for removed entity ats['Air'/172710, l='ISServer', x=-419.50, y=76.00, z=-1055.09]
[02:00:37] [Server thread/WARN]: Can't keep up! Is the server overloaded? Running 2038ms or 40 ticks behind
[02:00:59] [Server thread/WARN]: Can't keep up! Is the server overloaded? Running 6677ms or 133 ticks behind
[02:01:18] [Server thread/WARN]: Can't keep up! Is the server overloaded? Running 4346ms or 86 ticks behind
[02:01:48] [Server thread/WARN]: Can't keep up! Is the server overloaded? Running 2020ms or 40 ticks behind
[02:03:23] [Server thread/WARN]: Can't keep up! Is the server overloaded? Running 2007ms or 40 ticks behind
[02:03:44] [Server thread/WARN]: Can't keep up! Is the server overloaded? Running 6178ms or 123 ticks behind
[02:04:02] [Server thread/WARN]: Can't keep up! Is the server overloaded? Running 3002ms or 60 ticks behind
[02:06:00] [Server thread/WARN]: Can't keep up! Is the server overloaded? Running 3765ms or 75 ticks behind
[02:06:21] [Server thread/WARN]: Can't keep up! Is the server overloaded? Running 5665ms or 113 ticks behind
[02:06:41] [Server thread/WARN]: Can't keep up! Is the server overloaded? Running 4963ms or 99 ticks behind
[02:07:01] [Server thread/WARN]: Can't keep up! Is the server overloaded? Running 5223ms or 104 ticks behind
[02:08:59] [Server thread/WARN]: Can't keep up! Is the server overloaded? Running 2038ms or 40 ticks behind
[02:09:20] [Server thread/WARN]: Can't keep up! Is the server overloaded? Running 6242ms or 124 ticks behind
[02:09:40] [Server thread/WARN]: Can't keep up! Is the server overloaded? Running 5284ms or 105 ticks behind
[02:09:57] [Server thread/WARN]: Can't keep up! Is the server overloaded? Running 2438ms or 48 ticks behind
[02:11:52] [Server thread/WARN]: Can't keep up! Is the server overloaded? Running 2029ms or 40 ticks behind
[02:12:16] [Server thread/WARN]: Can't keep up! Is the server overloaded? Running 8991ms or 179 ticks behind
[02:12:35] [Server thread/WARN]: Can't keep up! Is the server overloaded? Running 4313ms or 86 ticks behind
[02:12:53] [Server thread/WARN]: Can't keep up! Is the server overloaded? Running 2714ms or 54 ticks behind
[02:14:29] [Server thread/WARN]: Can't keep up! Is the server overloaded? Running 2013ms or 40 ticks behind
[02:14:47] [Server thread/WARN]: Can't keep up! Is the server overloaded? Running 3268ms or 65 ticks behind
[02:17:11] [Server thread/WARN]: Can't keep up! Is the server overloaded? Running 2011ms or 40 ticks behind
[02:17:32] [Server thread/WARN]: Can't keep up! Is the server overloaded? Running 2003ms or 40 ticks behind
[02:18:01] [Server thread/WARN]: Can't keep up! Is the server overloaded? Running 2002ms or 40 ticks behind
[02:19:53] [Server thread/WARN]: Can't keep up! Is the server overloaded? Running 2004ms or 40 ticks behind
[02:20:15] [Server thread/WARN]: Can't keep up! Is the server overloaded? Running 6697ms or 133 ticks behind
[02:20:47] [Server thread/WARN]: Can't keep up! Is the server overloaded? Running 2015ms or 40 ticks behind
[02:21:08] [Server thread/WARN]: Can't keep up! Is the server overloaded? Running 6622ms or 132 ticks behind
[02:21:28] [Server thread/WARN]: Can't keep up! Is the server overloaded? Running 4362ms or 87 ticks behind
[02:21:46] [Server thread/WARN]: Can't keep up! Is the server overloaded? Running 3460ms or 69 ticks behind
[02:27:22] [Server thread/WARN]: Can't keep up! Is the server overloaded? Running 2015ms or 40 ticks behind
[02:27:42] [Server thread/WARN]: Can't keep up! Is the server overloaded? Running 4509ms or 90 ticks behind
[02:29:30] [Server thread/WARN]: Can't keep up! Is the server overloaded? Running 2019ms or 40 ticks behind
[02:29:49] [Server thread/WARN]: Can't keep up! Is the server overloaded? Running 3859ms or 77 ticks behind
[02:31:07] [Server thread/WARN]: Can't keep up! Is the server overloaded? Running 2007ms or 40 ticks behind
[02:31:25] [Server thread/WARN]: Can't keep up! Is the server overloaded? Running 3771ms or 75 ticks behind
[02:31:44] [Server thread/WARN]: Can't keep up! Is the server overloaded? Running 3384ms or 67 ticks behind
[02:32:07] [Server thread/WARN]: Can't keep up! Is the server overloaded? Running 2013ms or 40 ticks behind
[02:32:25] [Server thread/WARN]: Can't keep up! Is the server overloaded? Running 3767ms or 75 ticks behind
[02:33:28] [Server thread/WARN]: Can't keep up! Is the server overloaded? Running 2022ms or 40 ticks behind
[02:33:46] [Server thread/WARN]: Can't keep up! Is the server overloaded? Running 3739ms or 74 ticks behind
[02:34:03] [Server thread/WARN]: Can't keep up! Is the server overloaded? Running 2225ms or 44 ticks behind
[02:35:39] [Server thread/WARN]: Can't keep up! Is the server overloaded? Running 2019ms or 40 ticks behind
[02:35:57] [Server thread/WARN]: Can't keep up! Is the server overloaded? Running 2586ms or 51 ticks behind
[02:36:21] [Server thread/WARN]: Can't keep up! Is the server overloaded? Running 2020ms or 40 ticks behind
[02:37:14] [Server thread/WARN]: Fetching packet for removed entity ats['Air'/187463, l='ISServer', x=-413.06, y=76.00, z=-1055.36]
[02:38:04] [Server thread/WARN]: Can't keep up! Is the server overloaded? Running 2057ms or 41 ticks behind
[02:38:25] [Server thread/WARN]: Can't keep up! Is the server overloaded? Running 5219ms or 104 ticks behind
[02:38:44] [Server thread/WARN]: Can't keep up! Is the server overloaded? Running 3984ms or 79 ticks behind
[02:40:42] [Server thread/WARN]: Can't keep up! Is the server overloaded? Running 2064ms or 41 ticks behind
[02:41:03] [Server thread/WARN]: Can't keep up! Is the server overloaded? Running 6444ms or 128 ticks behind
[02:41:24] [Server thread/WARN]: Can't keep up! Is the server overloaded? Running 5529ms or 110 ticks behind
[02:41:42] [Server thread/WARN]: Can't keep up! Is the server overloaded? Running 3450ms or 69 ticks behind
[02:43:26] [Server thread/WARN]: Can't keep up! Is the server overloaded? Running 2008ms or 40 ticks behind
[02:43:40] [Server thread/WARN]: Fetching packet for removed entity ats['Air'/190220, l='ISServer', x=-414.17, y=76.00, z=-1056.17]
[02:43:46] [Server thread/WARN]: Can't keep up! Is the server overloaded? Running 5027ms or 100 ticks behind
[02:44:06] [Server thread/WARN]: Can't keep up! Is the server overloaded? Running 4284ms or 85 ticks behind
[02:44:23] [Server thread/WARN]: Can't keep up! Is the server overloaded? Running 2888ms or 57 ticks behind
[02:45:10] [Server thread/INFO]: ElliotRackam lost connection: Disconnected
[02:45:10] [Server thread/INFO]: ElliotRackam left the game
[04:37:38] [Server thread/WARN]: Fetching packet for removed entity ats['Air'/214749, l='ISServer', x=-151.30, y=81.00, z=-215.30]
[05:34:41] [Server thread/WARN]: Fetching packet for removed entity ats['Air'/226899, l='ISServer', x=-151.30, y=81.00, z=-215.30]
[05:47:03] [Server thread/INFO]: J0hnL0ck3 lost connection: Disconnected
[05:47:03] [Server thread/INFO]: J0hnL0ck3 left the game
[14:33:59] [User Authenticator #10/INFO]: UUID of player ElliotRackam is b381a6fa-f12c-4de0-b149-95d9cfd96eb0
[14:34:00] [Server thread/INFO]: ElliotRackam[/104.142.126.223:61197] logged in with entity id 229147 at (-424.8421964868281, 66.0, -1010.0787743220013)
[14:34:00] [Server thread/INFO]: ElliotRackam joined the game
[14:34:08] [Server thread/INFO]: ElliotRackam lost connection: Disconnected
[14:34:08] [Server thread/INFO]: ElliotRackam left the game
